<!DOCTYPE html PUBLIC "-//W3C//DTD XHTML 1.1//EN http://www.w3.org/TR/xhtml11/DTD/xhtml11.dtd">
<html xmlns="http://www.w3.org/1999/xhtml">
<head>
<title>TestNG:  Unit Test</title>
<style type="text/css">
table caption,table.info_table,table.param,table.passed,table.failed {margin-bottom:10px;border:1px solid #000099;border-collapse:collapse;empty-cells:show;}
table.info_table td,table.info_table th,table.param td,table.param th,table.passed td,table.passed th,table.failed td,table.failed th {
border:1px solid #000099;padding:.25em .5em .25em .5em
}
table.param th {vertical-align:bottom}
td.numi,th.numi,td.numi_attn {
text-align:right
}
tr.total td {font-weight:bold}
table caption {
text-align:center;font-weight:bold;
}
table.passed tr.stripe td,table tr.passedodd td {background-color: #00AA00;}
table.passed td,table tr.passedeven td {background-color: #33FF33;}
table.passed tr.stripe td,table tr.skippedodd td {background-color: #cccccc;}
table.passed td,table tr.skippedodd td {background-color: #dddddd;}
table.failed tr.stripe td,table tr.failedodd td,table.param td.numi_attn {background-color: #FF3333;}
table.failed td,table tr.failedeven td,table.param tr.stripe td.numi_attn {background-color: #DD0000;}
tr.stripe td,tr.stripe th {background-color: #E6EBF9;}
p.totop {font-size:85%;text-align:center;border-bottom:2px black solid}
div.shootout {padding:2em;border:3px #4854A8 solid}
</style>
</head>
<body>
<table cellspacing=0 cellpadding=0 class="param">
<tr><th>Test</th><th class="numi">Methods<br/>Passed</th><th class="numi">Scenarios<br/>Passed</th><th class="numi"># skipped</th><th class="numi"># failed</th><th class="numi">Total<br/>Time</th><th class="numi">Included<br/>Groups</th><th class="numi">Excluded<br/>Groups</th></tr>
<tr><td style="text-align:left;padding-right:2em">UploadPic test</td><td class="numi">0</td><td class="numi">0</td><td class="numi_attn">1</td><td class="numi">0</td><td class="numi">0.0 seconds</td><td class="numi"></td><td class="numi"></td></tr>
<tr class="stripe"><td style="text-align:left;padding-right:2em">Login test</td><td class="numi">0</td><td class="numi">0</td><td class="numi_attn">1</td><td class="numi_attn">2</td><td class="numi">13.3 seconds</td><td class="numi"></td><td class="numi"></td></tr>
<tr class="total"><td>Total</td>
<td class="numi">0</td><td class="numi">0</td><td class="numi_attn">2</td><td class="numi_attn">2</td><td class="numi">13.3 seconds</td><td colspan="2">&nbsp;</td></tr>
</table>
<a id="summary"></a>
<table cellspacing=0 cellpadding=0 class="passed">
<tr><th>Class</th><th>Method</th><th># of<br/>Scenarios</th><th>Time<br/>(Msecs)</th></tr>
<tr><th colspan="4">UploadPic test &#8212; skipped</th></tr>
<tr class="skippedodd"><td rowspan="1">com.qtpselenium.testcases.UploadPic<td><a href="#m1"><b>uploadPic</b>  </a></td><td class="numi">1</td><td class="numi">0</td></tr>
<tr><th colspan="4">Login test &#8212; failed</th></tr>
<tr class="failedodd"><td rowspan="2">com.qtpselenium.testcases.LoginTest<td><a href="#m2"><b>loginTest</b>  </a></td><td class="numi">2</td><td class="numi">13281</td></tr><tr class="failedodd"><td><a href="#m3"><b>loginTest</b>  </a></td><td class="numi">2</td><td class="numi">13281</td></tr>
<tr><th colspan="4">Login test &#8212; skipped</th></tr>
<tr class="skippedodd"><td rowspan="1">com.qtpselenium.testcases.LoginTest<td><a href="#m4"><b>findFriend</b>  </a></td><td class="numi">1</td><td class="numi">0</td></tr>
</table>
<h1>UploadPic test</h1>
<a id="m1"></a><h2>com.qtpselenium.testcases.UploadPic:uploadPic</h2>
<div style="padding-left:3em">
<p>Skipping the test</p>
com.qtpselenium.testcases.UploadPic.uploadPic(UploadPic.java:21)
<br/>25 lines not shown
</div>
<p class="totop"><a href="#summary">back to summary</a></p>
<h1>Login test</h1>
<a id="m2"></a><h2>com.qtpselenium.testcases.LoginTest:loginTest</h2>
<table cellspacing=0 cellpadding=0 class="param">
<tr><th style="padding-left:1em;padding-right:1em">Parameter #1</th></tr>
<tr><td style="padding-left:.5em;padding-right:2em">{Username=its.thakur@gmail.com, Data_Flag=Y, Password=ashish123, Runmode=Y}</td>
</tr>
<tr><td style="padding-left:3em" colspan="1">
<p>org.apache.http.conn.HttpHostConnectException: Connection to http://127.0.0.1:7057 refused
Build info: version: &apos;2.5.0&apos;, revision: &apos;13516&apos;, time: &apos;2011-08-23 18:30:44&apos;
System info: os.name: &apos;Windows 2003&apos;, os.arch: &apos;x86&apos;, os.version: &apos;5.2&apos;, java.version: &apos;1.7.0_04&apos;
Driver info: driver.version: RemoteWebDriver</p>
org.openqa.selenium.remote.RemoteWebDriver.execute(RemoteWebDriver.java:406)
<br/>at org.openqa.selenium.remote.RemoteWebDriver$RemoteWebDriverOptions$RemoteTimeouts.implicitlyWait(RemoteWebDriver.java:537)
<br/>at com.qtpselenium.testcases.LoginTest.loginTest(LoginTest.java:40)
<br/>25 lines not shown
<p>Caused by Connection to http://127.0.0.1:7057 refused</p>
org.apache.http.impl.conn.DefaultClientConnectionOperator.openConnection(DefaultClientConnectionOperator.java:158)
<br/>at org.apache.http.impl.conn.AbstractPoolEntry.open(AbstractPoolEntry.java:149)
<br/>at org.apache.http.impl.conn.AbstractPooledConnAdapter.open(AbstractPooledConnAdapter.java:121)
<br/>at org.apache.http.impl.client.DefaultRequestDirector.tryConnect(DefaultRequestDirector.java:573)
<br/>at org.apache.http.impl.client.DefaultRequestDirector.execute(DefaultRequestDirector.java:425)
<br/>at org.apache.http.impl.client.AbstractHttpClient.execute(AbstractHttpClient.java:820)
<br/>at org.openqa.selenium.remote.HttpCommandExecutor.fallBackExecute(HttpCommandExecutor.java:284)
<br/>at org.openqa.selenium.remote.HttpCommandExecutor.execute(HttpCommandExecutor.java:264)
<br/>at org.openqa.selenium.firefox.internal.NewProfileExtensionConnection.execute(NewProfileExtensionConnection.java:125)
<br/>at org.openqa.selenium.firefox.FirefoxDriver$LazyCommandExecutor.execute(FirefoxDriver.java:257)
<br/>at org.openqa.selenium.remote.RemoteWebDriver.execute(RemoteWebDriver.java:389)
<br/>at org.openqa.selenium.remote.RemoteWebDriver$RemoteWebDriverOptions$RemoteTimeouts.implicitlyWait(RemoteWebDriver.java:537)
<br/>at com.qtpselenium.testcases.LoginTest.loginTest(LoginTest.java:40)
<br/>25 lines not shown
<p>Caused by Connection refused: connect</p>
java.net.TwoStacksPlainSocketImpl.socketConnect(Native Method)
<br/>at java.net.AbstractPlainSocketImpl.doConnect(Unknown Source)
<br/>at java.net.AbstractPlainSocketImpl.connectToAddress(Unknown Source)
<br/>at java.net.AbstractPlainSocketImpl.connect(Unknown Source)
<br/>at java.net.PlainSocketImpl.connect(Unknown Source)
<br/>at java.net.SocksSocketImpl.connect(Unknown Source)
<br/>at java.net.Socket.connect(Unknown Source)
<br/>at org.openqa.selenium.remote.ReusingSocketSocketFactory.connectSocket(ReusingSocketSocketFactory.java:122)
<br/>at org.apache.http.conn.scheme.SchemeSocketFactoryAdaptor.connectSocket(SchemeSocketFactoryAdaptor.java:62)
<br/>at org.apache.http.impl.conn.DefaultClientConnectionOperator.openConnection(DefaultClientConnectionOperator.java:148)
<br/>at org.apache.http.impl.conn.AbstractPoolEntry.open(AbstractPoolEntry.java:149)
<br/>at org.apache.http.impl.conn.AbstractPooledConnAdapter.open(AbstractPooledConnAdapter.java:121)
<br/>at org.apache.http.impl.client.DefaultRequestDirector.tryConnect(DefaultRequestDirector.java:573)
<br/>at org.apache.http.impl.client.DefaultRequestDirector.execute(DefaultRequestDirector.java:425)
<br/>at org.apache.http.impl.client.AbstractHttpClient.execute(AbstractHttpClient.java:820)
<br/>at org.openqa.selenium.remote.HttpCommandExecutor.fallBackExecute(HttpCommandExecutor.java:284)
<br/>at org.openqa.selenium.remote.HttpCommandExecutor.execute(HttpCommandExecutor.java:264)
<br/>at org.openqa.selenium.firefox.internal.NewProfileExtensionConnection.execute(NewProfileExtensionConnection.java:125)
<br/>at org.openqa.selenium.firefox.FirefoxDriver$LazyCommandExecutor.execute(FirefoxDriver.java:257)
<br/>at org.openqa.selenium.remote.RemoteWebDriver.execute(RemoteWebDriver.java:389)
<br/>at org.openqa.selenium.remote.RemoteWebDriver$RemoteWebDriverOptions$RemoteTimeouts.implicitlyWait(RemoteWebDriver.java:537)
<br/>at com.qtpselenium.testcases.LoginTest.loginTest(LoginTest.java:40)
<br/>25 lines not shown
</td></tr>
<tr class="stripe"><td style="padding-left:.5em;padding-right:2em">{Username=its.thakur@gmail.com, Data_Flag=N, Password=ashish1234, Runmode=Y}</td>
</tr>
<tr class="stripe"><td style="padding-left:3em" colspan="1">
<p>Multiple failures (2):nnFailure 1 of 2:njava.lang.AssertionError: expected:&lt;Welcome to Facebook - Log In, Sign Up or Learn More&gt; but was:&lt;&gt;
	at org.testng.Assert.fail(Assert.java:89)
	at org.testng.Assert.failNotEquals(Assert.java:480)
	at org.testng.Assert.assertEquals(Assert.java:118)
	at org.testng.Assert.assertEquals(Assert.java:171)
	at org.testng.Assert.assertEquals(Assert.java:181)
	at com.qtpselenium.facebook.pages.LoginPage.doLogin(LoginPage.java:34)
	at com.qtpselenium.testcases.LoginTest.loginTest(LoginTest.java:43)
	at sun.reflect.NativeMethodAccessorImpl.invoke0(Native Method)
	at sun.reflect.NativeMethodAccessorImpl.invoke(Unknown Source)
	at sun.reflect.DelegatingMethodAccessorImpl.invoke(Unknown Source)
	at java.lang.reflect.Method.invoke(Unknown Source)
	at org.testng.internal.MethodInvocationHelper.invokeMethod(MethodInvocationHelper.java:76)
	at org.testng.internal.Invoker.invokeMethod(Invoker.java:673)
	at org.testng.internal.Invoker.invokeTestMethod(Invoker.java:846)
	at org.testng.internal.Invoker.invokeTestMethods(Invoker.java:1170)
	at org.testng.internal.TestMethodWorker.invokeTestMethods(TestMethodWorker.java:125)
	at org.testng.internal.TestMethodWorker.run(TestMethodWorker.java:109)
	at org.testng.TestRunner.runWorkers(TestRunner.java:1147)
	at org.testng.TestRunner.privateRun(TestRunner.java:749)
	at org.testng.TestRunner.run(TestRunner.java:600)
	at org.testng.SuiteRunner.runTest(SuiteRunner.java:317)
	at org.testng.SuiteRunner.runSequentially(SuiteRunner.java:312)
	at org.testng.SuiteRunner.privateRun(SuiteRunner.java:274)
	at org.testng.SuiteRunner.run(SuiteRunner.java:223)
	at org.testng.SuiteRunnerWorker.runSuite(SuiteRunnerWorker.java:52)
	at org.testng.SuiteRunnerWorker.run(SuiteRunnerWorker.java:86)
	at org.testng.TestNG.runSuitesSequentially(TestNG.java:1039)
	at org.testng.TestNG.runSuitesLocally(TestNG.java:964)
	at org.testng.TestNG.run(TestNG.java:900)
	at org.testng.TestNG.privateMain(TestNG.java:1182)
	at org.testng.TestNG.main(TestNG.java:1146)
nnFailure 2 of 2:norg.openqa.selenium.WebDriverException: org.apache.http.NoHttpResponseException: The target server failed to respond
Build info: version: &apos;2.5.0&apos;, revision: &apos;13516&apos;, time: &apos;2011-08-23 18:30:44&apos;
System info: os.name: &apos;Windows 2003&apos;, os.arch: &apos;x86&apos;, os.version: &apos;5.2&apos;, java.version: &apos;1.7.0_04&apos;
Driver info: driver.version: RemoteWebDriver</p>
org.openqa.selenium.remote.RemoteWebDriver.execute(RemoteWebDriver.java:406)
<br/>at org.openqa.selenium.remote.RemoteWebDriver.findElement(RemoteWebDriver.java:197)
<br/>at org.openqa.selenium.remote.RemoteWebDriver.findElementByXPath(RemoteWebDriver.java:270)
<br/>at org.openqa.selenium.By$ByXPath.findElement(By.java:350)
<br/>at org.openqa.selenium.remote.RemoteWebDriver.findElement(RemoteWebDriver.java:189)
<br/>at org.openqa.selenium.support.pagefactory.DefaultElementLocator.findElement(DefaultElementLocator.java:58)
<br/>at org.openqa.selenium.support.pagefactory.internal.LocatingElementHandler.invoke(LocatingElementHandler.java:35)
<br/>at $Proxy8.sendKeys(Unknown Source)
<br/>at com.qtpselenium.facebook.pages.LoginPage.doLogin(LoginPage.java:41)
<br/>at com.qtpselenium.testcases.LoginTest.loginTest(LoginTest.java:43)
<br/>25 lines not shown
</td></tr>
</table>
<p class="totop"><a href="#summary">back to summary</a></p>
<a id="m3"></a><h2>com.qtpselenium.testcases.LoginTest:loginTest</h2>
<table cellspacing=0 cellpadding=0 class="param">
<tr><th style="padding-left:1em;padding-right:1em">Parameter #1</th></tr>
<tr><td style="padding-left:.5em;padding-right:2em">{Username=its.thakur@gmail.com, Data_Flag=Y, Password=ashish123, Runmode=Y}</td>
</tr>
<tr><td style="padding-left:3em" colspan="1">
<p>org.apache.http.conn.HttpHostConnectException: Connection to http://127.0.0.1:7057 refused
Build info: version: &apos;2.5.0&apos;, revision: &apos;13516&apos;, time: &apos;2011-08-23 18:30:44&apos;
System info: os.name: &apos;Windows 2003&apos;, os.arch: &apos;x86&apos;, os.version: &apos;5.2&apos;, java.version: &apos;1.7.0_04&apos;
Driver info: driver.version: RemoteWebDriver</p>
org.openqa.selenium.remote.RemoteWebDriver.execute(RemoteWebDriver.java:406)
<br/>at org.openqa.selenium.remote.RemoteWebDriver$RemoteWebDriverOptions$RemoteTimeouts.implicitlyWait(RemoteWebDriver.java:537)
<br/>at com.qtpselenium.testcases.LoginTest.loginTest(LoginTest.java:40)
<br/>25 lines not shown
<p>Caused by Connection to http://127.0.0.1:7057 refused</p>
org.apache.http.impl.conn.DefaultClientConnectionOperator.openConnection(DefaultClientConnectionOperator.java:158)
<br/>at org.apache.http.impl.conn.AbstractPoolEntry.open(AbstractPoolEntry.java:149)
<br/>at org.apache.http.impl.conn.AbstractPooledConnAdapter.open(AbstractPooledConnAdapter.java:121)
<br/>at org.apache.http.impl.client.DefaultRequestDirector.tryConnect(DefaultRequestDirector.java:573)
<br/>at org.apache.http.impl.client.DefaultRequestDirector.execute(DefaultRequestDirector.java:425)
<br/>at org.apache.http.impl.client.AbstractHttpClient.execute(AbstractHttpClient.java:820)
<br/>at org.openqa.selenium.remote.HttpCommandExecutor.fallBackExecute(HttpCommandExecutor.java:284)
<br/>at org.openqa.selenium.remote.HttpCommandExecutor.execute(HttpCommandExecutor.java:264)
<br/>at org.openqa.selenium.firefox.internal.NewProfileExtensionConnection.execute(NewProfileExtensionConnection.java:125)
<br/>at org.openqa.selenium.firefox.FirefoxDriver$LazyCommandExecutor.execute(FirefoxDriver.java:257)
<br/>at org.openqa.selenium.remote.RemoteWebDriver.execute(RemoteWebDriver.java:389)
<br/>at org.openqa.selenium.remote.RemoteWebDriver$RemoteWebDriverOptions$RemoteTimeouts.implicitlyWait(RemoteWebDriver.java:537)
<br/>at com.qtpselenium.testcases.LoginTest.loginTest(LoginTest.java:40)
<br/>25 lines not shown
<p>Caused by Connection refused: connect</p>
java.net.TwoStacksPlainSocketImpl.socketConnect(Native Method)
<br/>at java.net.AbstractPlainSocketImpl.doConnect(Unknown Source)
<br/>at java.net.AbstractPlainSocketImpl.connectToAddress(Unknown Source)
<br/>at java.net.AbstractPlainSocketImpl.connect(Unknown Source)
<br/>at java.net.PlainSocketImpl.connect(Unknown Source)
<br/>at java.net.SocksSocketImpl.connect(Unknown Source)
<br/>at java.net.Socket.connect(Unknown Source)
<br/>at org.openqa.selenium.remote.ReusingSocketSocketFactory.connectSocket(ReusingSocketSocketFactory.java:122)
<br/>at org.apache.http.conn.scheme.SchemeSocketFactoryAdaptor.connectSocket(SchemeSocketFactoryAdaptor.java:62)
<br/>at org.apache.http.impl.conn.DefaultClientConnectionOperator.openConnection(DefaultClientConnectionOperator.java:148)
<br/>at org.apache.http.impl.conn.AbstractPoolEntry.open(AbstractPoolEntry.java:149)
<br/>at org.apache.http.impl.conn.AbstractPooledConnAdapter.open(AbstractPooledConnAdapter.java:121)
<br/>at org.apache.http.impl.client.DefaultRequestDirector.tryConnect(DefaultRequestDirector.java:573)
<br/>at org.apache.http.impl.client.DefaultRequestDirector.execute(DefaultRequestDirector.java:425)
<br/>at org.apache.http.impl.client.AbstractHttpClient.execute(AbstractHttpClient.java:820)
<br/>at org.openqa.selenium.remote.HttpCommandExecutor.fallBackExecute(HttpCommandExecutor.java:284)
<br/>at org.openqa.selenium.remote.HttpCommandExecutor.execute(HttpCommandExecutor.java:264)
<br/>at org.openqa.selenium.firefox.internal.NewProfileExtensionConnection.execute(NewProfileExtensionConnection.java:125)
<br/>at org.openqa.selenium.firefox.FirefoxDriver$LazyCommandExecutor.execute(FirefoxDriver.java:257)
<br/>at org.openqa.selenium.remote.RemoteWebDriver.execute(RemoteWebDriver.java:389)
<br/>at org.openqa.selenium.remote.RemoteWebDriver$RemoteWebDriverOptions$RemoteTimeouts.implicitlyWait(RemoteWebDriver.java:537)
<br/>at com.qtpselenium.testcases.LoginTest.loginTest(LoginTest.java:40)
<br/>25 lines not shown
</td></tr>
<tr class="stripe"><td style="padding-left:.5em;padding-right:2em">{Username=its.thakur@gmail.com, Data_Flag=N, Password=ashish1234, Runmode=Y}</td>
</tr>
<tr class="stripe"><td style="padding-left:3em" colspan="1">
<p>Multiple failures (2):nnFailure 1 of 2:njava.lang.AssertionError: expected:&lt;Welcome to Facebook - Log In, Sign Up or Learn More&gt; but was:&lt;&gt;
	at org.testng.Assert.fail(Assert.java:89)
	at org.testng.Assert.failNotEquals(Assert.java:480)
	at org.testng.Assert.assertEquals(Assert.java:118)
	at org.testng.Assert.assertEquals(Assert.java:171)
	at org.testng.Assert.assertEquals(Assert.java:181)
	at com.qtpselenium.facebook.pages.LoginPage.doLogin(LoginPage.java:34)
	at com.qtpselenium.testcases.LoginTest.loginTest(LoginTest.java:43)
	at sun.reflect.NativeMethodAccessorImpl.invoke0(Native Method)
	at sun.reflect.NativeMethodAccessorImpl.invoke(Unknown Source)
	at sun.reflect.DelegatingMethodAccessorImpl.invoke(Unknown Source)
	at java.lang.reflect.Method.invoke(Unknown Source)
	at org.testng.internal.MethodInvocationHelper.invokeMethod(MethodInvocationHelper.java:76)
	at org.testng.internal.Invoker.invokeMethod(Invoker.java:673)
	at org.testng.internal.Invoker.invokeTestMethod(Invoker.java:846)
	at org.testng.internal.Invoker.invokeTestMethods(Invoker.java:1170)
	at org.testng.internal.TestMethodWorker.invokeTestMethods(TestMethodWorker.java:125)
	at org.testng.internal.TestMethodWorker.run(TestMethodWorker.java:109)
	at org.testng.TestRunner.runWorkers(TestRunner.java:1147)
	at org.testng.TestRunner.privateRun(TestRunner.java:749)
	at org.testng.TestRunner.run(TestRunner.java:600)
	at org.testng.SuiteRunner.runTest(SuiteRunner.java:317)
	at org.testng.SuiteRunner.runSequentially(SuiteRunner.java:312)
	at org.testng.SuiteRunner.privateRun(SuiteRunner.java:274)
	at org.testng.SuiteRunner.run(SuiteRunner.java:223)
	at org.testng.SuiteRunnerWorker.runSuite(SuiteRunnerWorker.java:52)
	at org.testng.SuiteRunnerWorker.run(SuiteRunnerWorker.java:86)
	at org.testng.TestNG.runSuitesSequentially(TestNG.java:1039)
	at org.testng.TestNG.runSuitesLocally(TestNG.java:964)
	at org.testng.TestNG.run(TestNG.java:900)
	at org.testng.TestNG.privateMain(TestNG.java:1182)
	at org.testng.TestNG.main(TestNG.java:1146)
nnFailure 2 of 2:norg.openqa.selenium.WebDriverException: org.apache.http.NoHttpResponseException: The target server failed to respond
Build info: version: &apos;2.5.0&apos;, revision: &apos;13516&apos;, time: &apos;2011-08-23 18:30:44&apos;
System info: os.name: &apos;Windows 2003&apos;, os.arch: &apos;x86&apos;, os.version: &apos;5.2&apos;, java.version: &apos;1.7.0_04&apos;
Driver info: driver.version: RemoteWebDriver</p>
org.openqa.selenium.remote.RemoteWebDriver.execute(RemoteWebDriver.java:406)
<br/>at org.openqa.selenium.remote.RemoteWebDriver.findElement(RemoteWebDriver.java:197)
<br/>at org.openqa.selenium.remote.RemoteWebDriver.findElementByXPath(RemoteWebDriver.java:270)
<br/>at org.openqa.selenium.By$ByXPath.findElement(By.java:350)
<br/>at org.openqa.selenium.remote.RemoteWebDriver.findElement(RemoteWebDriver.java:189)
<br/>at org.openqa.selenium.support.pagefactory.DefaultElementLocator.findElement(DefaultElementLocator.java:58)
<br/>at org.openqa.selenium.support.pagefactory.internal.LocatingElementHandler.invoke(LocatingElementHandler.java:35)
<br/>at $Proxy8.sendKeys(Unknown Source)
<br/>at com.qtpselenium.facebook.pages.LoginPage.doLogin(LoginPage.java:41)
<br/>at com.qtpselenium.testcases.LoginTest.loginTest(LoginTest.java:43)
<br/>25 lines not shown
</td></tr>
</table>
<p class="totop"><a href="#summary">back to summary</a></p>
<a id="m4"></a><h2>com.qtpselenium.testcases.LoginTest:findFriend</h2>
<p class="totop"><a href="#summary">back to summary</a></p>
</body></html>
